D:\PROGRAMMING\MSQ-SUMMER-PROJECT\PROJECT\DEBUG\1.OBJ
D:\Programming\msq-summer-project\Project\Debug\cl.command.1.tlog
D:\Programming\msq-summer-project\Project\Debug\CL.read.1.tlog
D:\Programming\msq-summer-project\Project\Debug\CL.write.1.tlog
D:\Programming\msq-summer-project\Project\Debug\link.1408.read.1.tlog
D:\Programming\msq-summer-project\Project\Debug\link.1408.write.1.tlog
D:\Programming\msq-summer-project\Project\Debug\link.1408-cvtres.read.1.tlog
D:\Programming\msq-summer-project\Project\Debug\link.1408-cvtres.write.1.tlog
D:\Programming\msq-summer-project\Project\Debug\link.3204.read.1.tlog
D:\Programming\msq-summer-project\Project\Debug\link.3204.write.1.tlog
D:\Programming\msq-summer-project\Project\Debug\link.3204-cvtres.read.1.tlog
D:\Programming\msq-summer-project\Project\Debug\link.3204-cvtres.write.1.tlog
D:\Programming\msq-summer-project\Project\Debug\link.command.1.tlog
D:\Programming\msq-summer-project\Project\Debug\link.read.1.tlog
D:\Programming\msq-summer-project\Project\Debug\link.write.1.tlog
D:\Programming\msq-summer-project\Project\Debug\link-cvtres.read.1.tlog
D:\Programming\msq-summer-project\Project\Debug\link-cvtres.write.1.tlog
D:\Programming\msq-summer-project\Project\Debug\mt.command.1.tlog
D:\Programming\msq-summer-project\Project\Debug\mt.read.1.tlog
D:\Programming\msq-summer-project\Project\Debug\mt.write.1.tlog
D:\Programming\msq-summer-project\Project\Debug\op.exe.embed.manifest
D:\PROGRAMMING\MSQ-SUMMER-PROJECT\PROJECT\DEBUG\OP.EXE.EMBED.MANIFEST.RES
D:\Programming\msq-summer-project\Project\Debug\op.exe.intermediate.manifest
D:\Programming\msq-summer-project\Project\Debug\op.pdb
D:\Programming\msq-summer-project\Project\Debug\op_manifest.rc
D:\Programming\msq-summer-project\Project\Debug\rc.command.1.tlog
D:\Programming\msq-summer-project\Project\Debug\rc.read.1.tlog
D:\Programming\msq-summer-project\Project\Debug\rc.write.1.tlog
D:\Programming\msq-summer-project\Project\Debug\vc100.idb
D:\PROGRAMMING\MSQ-SUMMER-PROJECT\PROJECT\DEBUG\VC100.PDB
D:\PROGRAMMING\SUMMER\OP\DEBUG\1.OBJ
D:\PROGRAMMING\SUMMER\OP\DEBUG\OP.EXE
D:\PROGRAMMING\SUMMER\OP\DEBUG\OP.EXE.EMBED.MANIFEST
D:\PROGRAMMING\SUMMER\OP\DEBUG\OP.EXE.EMBED.MANIFEST.RES
D:\PROGRAMMING\SUMMER\OP\DEBUG\OP.EXE.INTERMEDIATE.MANIFEST
D:\PROGRAMMING\SUMMER\OP\DEBUG\OP.ILK
D:\PROGRAMMING\SUMMER\OP\DEBUG\OP.PDB
D:\PROGRAMMING\SUMMER\OP\DEBUG\VC100.PDB
