D:\PROGRAMMING\SUMMER\OP\DEBUG\1.OBJ
D:\Programming\summer\op\Debug\cl.command.1.tlog
D:\Programming\summer\op\Debug\CL.read.1.tlog
D:\Programming\summer\op\Debug\CL.write.1.tlog
D:\Programming\summer\op\Debug\link.command.1.tlog
D:\Programming\summer\op\Debug\link.read.1.tlog
D:\Programming\summer\op\Debug\link.write.1.tlog
D:\Programming\summer\op\Debug\link-cvtres.read.1.tlog
D:\Programming\summer\op\Debug\link-cvtres.write.1.tlog
D:\Programming\summer\op\Debug\mt.command.1.tlog
D:\Programming\summer\op\Debug\mt.read.1.tlog
D:\Programming\summer\op\Debug\mt.write.1.tlog
D:\PROGRAMMING\SUMMER\OP\DEBUG\OP.EXE
D:\Programming\summer\op\Debug\op.exe.embed.manifest
D:\PROGRAMMING\SUMMER\OP\DEBUG\OP.EXE.EMBED.MANIFEST.RES
D:\PROGRAMMING\SUMMER\OP\DEBUG\OP.EXE.INTERMEDIATE.MANIFEST
D:\PROGRAMMING\SUMMER\OP\DEBUG\OP.ILK
D:\PROGRAMMING\SUMMER\OP\DEBUG\OP.PDB
D:\Programming\summer\op\Debug\op_manifest.rc
D:\Programming\summer\op\Debug\rc.command.1.tlog
D:\Programming\summer\op\Debug\rc.read.1.tlog
D:\Programming\summer\op\Debug\rc.write.1.tlog
D:\Programming\summer\op\Debug\vc100.idb
D:\PROGRAMMING\SUMMER\OP\DEBUG\VC100.PDB
D:\Programming\summer\op\Debug\vc90.idb
D:\Programming\summer\op\Debug\vc90.pdb
