Build started 2011/7/6 13:59:06.
     1>Project "D:\Programming\summer\op\op.vcxproj" on node 2 (build target(s)).
     1>InitializeBuildStatus:
         Creating "Debug\op.unsuccessfulbuild" because "AlwaysCreate" was specified.
       ClCompile:
         D:\Software\VS2010\VC\bin\CL.exe /c /ZI /nologo /W3 /WX- /Od /Oy- /D WIN32 /D _DEBUG /D _CONSOLE /D _UNICODE /D UNICODE /Gm /EHsc /RTC1 /MDd /GS /fp:precise /Zc:wchar_t /Zc:forScope /Fo"Debug\\" /Fd"Debug\vc100.pdb" /Gd /TP /analyze- /errorReport:prompt 1.cpp
         1.cpp
     1>d:\programming\summer\op\1.cpp(22): warning C4305: 'initializing' : truncation from 'double' to 'GLfloat'
     1>d:\programming\summer\op\1.cpp(22): warning C4305: 'initializing' : truncation from 'double' to 'GLfloat'
     1>d:\programming\summer\op\1.cpp(22): warning C4305: 'initializing' : truncation from 'double' to 'GLfloat'
     1>d:\programming\summer\op\1.cpp(24): warning C4305: 'initializing' : truncation from 'double' to 'GLfloat'
     1>d:\programming\summer\op\1.cpp(24): warning C4305: 'initializing' : truncation from 'double' to 'GLfloat'
     1>d:\programming\summer\op\1.cpp(24): warning C4305: 'initializing' : truncation from 'double' to 'GLfloat'
     1>d:\programming\summer\op\1.cpp(24): warning C4305: 'initializing' : truncation from 'double' to 'GLfloat'
     1>d:\programming\summer\op\1.cpp(25): warning C4305: 'initializing' : truncation from 'double' to 'GLfloat'
     1>d:\programming\summer\op\1.cpp(25): warning C4305: 'initializing' : truncation from 'double' to 'GLfloat'
     1>d:\programming\summer\op\1.cpp(25): warning C4305: 'initializing' : truncation from 'double' to 'GLfloat'
     1>d:\programming\summer\op\1.cpp(26): warning C4305: 'initializing' : truncation from 'double' to 'GLfloat'
     1>d:\programming\summer\op\1.cpp(26): warning C4305: 'initializing' : truncation from 'double' to 'GLfloat'
     1>d:\programming\summer\op\1.cpp(26): warning C4305: 'initializing' : truncation from 'double' to 'GLfloat'
     1>d:\programming\summer\op\1.cpp(26): warning C4305: 'initializing' : truncation from 'double' to 'GLfloat'
     1>d:\programming\summer\op\1.cpp(26): warning C4305: 'initializing' : truncation from 'double' to 'GLfloat'
     1>d:\programming\summer\op\1.cpp(26): warning C4305: 'initializing' : truncation from 'double' to 'GLfloat'
     1>d:\programming\summer\op\1.cpp(36): warning C4996: 'fopen': This function or variable may be unsafe. Consider using fopen_s instead. To disable deprecation, use _CRT_SECURE_NO_WARNINGS. See online help for details.
                 d:\software\vs2010\vc\include\stdio.h(234) : see declaration of 'fopen'
     1>d:\programming\summer\op\1.cpp(74): warning C4305: 'initializing' : truncation from 'double' to 'GLfloat'
     1>d:\programming\summer\op\1.cpp(74): warning C4305: 'initializing' : truncation from 'double' to 'GLfloat'
     1>d:\programming\summer\op\1.cpp(76): warning C4305: 'initializing' : truncation from 'double' to 'GLfloat'
     1>d:\programming\summer\op\1.cpp(76): warning C4305: 'initializing' : truncation from 'double' to 'GLfloat'
     1>d:\programming\summer\op\1.cpp(97): warning C4244: '=' : conversion from 'int' to 'GLfloat', possible loss of data
     1>d:\programming\summer\op\1.cpp(126): warning C4244: 'argument' : conversion from 'double' to 'GLfloat', possible loss of data
     1>d:\programming\summer\op\1.cpp(126): warning C4244: 'argument' : conversion from 'double' to 'GLfloat', possible loss of data
     1>d:\programming\summer\op\1.cpp(52): warning C4715: 'load' : not all control paths return a value
       ManifestResourceCompile:
         All outputs are up-to-date.
       Link:
         D:\Software\VS2010\VC\bin\link.exe /ERRORREPORT:PROMPT /OUT:"D:\Programming\summer\op\Debug\op.exe" /INCREMENTAL /NOLOGO kernel32.lib user32.lib gdi32.lib winspool.lib comdlg32.lib advapi32.lib shell32.lib ole32.lib oleaut32.lib uuid.lib odbc32.lib odbccp32.lib /MANIFEST /ManifestFile:"Debug\op.exe.intermediate.manifest" /MANIFESTUAC:"level='asInvoker' uiAccess='false'" /DEBUG /PDB:"D:\Programming\summer\op\Debug\op.pdb" /SUBSYSTEM:CONSOLE /TLBID:1 /DYNAMICBASE /NXCOMPAT /IMPLIB:"D:\Programming\summer\op\Debug\op.lib" /MACHINE:X86 Debug\op.exe.embed.manifest.res
         Debug\1.obj
       Manifest:
         C:\Program Files (x86)\Microsoft SDKs\Windows\v7.0A\bin\mt.exe /nologo /verbose /out:"Debug\op.exe.embed.manifest" /manifest Debug\op.exe.intermediate.manifest
         All outputs are up-to-date.
       LinkEmbedManifest:
         All outputs are up-to-date.
         op.vcxproj -> D:\Programming\summer\op\Debug\op.exe
       FinalizeBuildStatus:
         Deleting file "Debug\op.unsuccessfulbuild".
         Touching "Debug\op.lastbuildstate".
     1>Done Building Project "D:\Programming\summer\op\op.vcxproj" (build target(s)).

Build succeeded.

Time Elapsed 00:00:07.23
