Build started 2011/7/15 9:29:25.
     1>Project "D:\Programming\msq-summer-project\OMFrame\OpenGL\OpenGL.vcxproj" on node 2 (build target(s)).
     1>InitializeBuildStatus:
         Creating "Debug\OpenGL.unsuccessfulbuild" because "AlwaysCreate" was specified.
       ClCompile:
         All outputs are up-to-date.
         D:\Software\VS2010\VC\bin\CL.exe /c /ZI /nologo /W3 /WX- /Od /Oy- /D WIN32 /D _WINDOWS /D _DEBUG /D _UNICODE /D UNICODE /D _AFXDLL /Gm /EHsc /RTC1 /MDd /GS /fp:precise /Zc:wchar_t /Zc:forScope /Yu"StdAfx.h" /Fp"Debug\OpenGL.pch" /Fo"Debug\\" /Fd"Debug\vc100.pdb" /Gd /TP /analyze- /errorReport:prompt OpenGLView.cpp
         OpenGLView.cpp
     1>d:\programming\msq-summer-project\omframe\opengl\openglview.cpp(51): warning C4996: 'fopen': This function or variable may be unsafe. Consider using fopen_s instead. To disable deprecation, use _CRT_SECURE_NO_WARNINGS. See online help for details.
                 d:\software\vs2010\vc\include\stdio.h(234) : see declaration of 'fopen'
     1>d:\programming\msq-summer-project\omframe\opengl\openglview.cpp(67): warning C4715: 'load' : not all control paths return a value
       ResourceCompile:
         All outputs are up-to-date.
       ManifestResourceCompile:
         All outputs are up-to-date.
       Link:
         D:\Software\VS2010\VC\bin\link.exe /ERRORREPORT:PROMPT /OUT:"D:\Programming\msq-summer-project\OMFrame\Debug\OpenGL.exe" /INCREMENTAL /NOLOGO opengl32.lib glu32.lib glaux.lib /MANIFEST /ManifestFile:"Debug\OpenGL.exe.intermediate.manifest" /MANIFESTUAC:"level='asInvoker' uiAccess='false'" /DEBUG /PDB:"D:\Programming\msq-summer-project\OMFrame\Debug\OpenGL.pdb" /SUBSYSTEM:WINDOWS /TLBID:1 /ENTRY:"wWinMainCRTStartup" /DYNAMICBASE /NXCOMPAT /IMPLIB:"D:\Programming\msq-summer-project\OMFrame\Debug\OpenGL.lib" /MACHINE:X86 Debug\OpenGL.res
         Debug\OpenGL.exe.embed.manifest.res
         Debug\Camera.obj
         Debug\MainFrm.obj
         Debug\OpenGL.obj
         Debug\OpenGLDoc.obj
         Debug\OpenGLView.obj
         Debug\stdafx.obj
       Manifest:
         C:\Program Files (x86)\Microsoft SDKs\Windows\v7.0A\bin\mt.exe /nologo /verbose /out:"Debug\OpenGL.exe.embed.manifest" /manifest Debug\OpenGL.exe.intermediate.manifest D:\Software\VS2010\VC\Include\Manifest\dpiaware.manifest
         All outputs are up-to-date.
       LinkEmbedManifest:
         All outputs are up-to-date.
         OpenGL.vcxproj -> D:\Programming\msq-summer-project\OMFrame\Debug\OpenGL.exe
       FinalizeBuildStatus:
         Deleting file "Debug\OpenGL.unsuccessfulbuild".
         Touching "Debug\OpenGL.lastbuildstate".
     1>Done Building Project "D:\Programming\msq-summer-project\OMFrame\OpenGL\OpenGL.vcxproj" (build target(s)).

Build succeeded.

Time Elapsed 00:00:03.15
